Flow report for vga_keyboard
Thu Sep 26 12:57:35 2024
Quartus II 64-Bit Version 13.1.0 Build 162 10/23/2013 SJ Web Edition


---------------------
; Table of Contents ;
---------------------
  1. Legal Notice
  2. Flow Summary
  3. Flow Settings
  4. Flow Non-Default Global Settings
  5. Flow Elapsed Time
  6. Flow OS Summary
  7. Flow Log
  8. Flow Messages
  9. Flow Suppressed Messages



----------------
; Legal Notice ;
----------------
Copyright (C) 1991-2013 Altera Corporation
Your use of Altera Corporation's design tools, logic functions 
and other software and tools, and its AMPP partner logic 
functions, and any output files from any of the foregoing 
(including device programming or simulation files), and any 
associated documentation or information are expressly subject 
to the terms and conditions of the Altera Program License 
Subscription Agreement, Altera MegaCore Function License 
Agreement, or other applicable license agreement, including, 
without limitation, that your use is for the sole purpose of 
programming logic devices manufactured by Altera and sold by 
Altera or its authorized distributors.  Please refer to the 
applicable agreement for further details.



+---------------------------------------------------------------------------------+
; Flow Summary                                                                    ;
+------------------------------------+--------------------------------------------+
; Flow Status                        ; Successful - Thu Sep 26 12:57:35 2024      ;
; Quartus II 64-Bit Version          ; 13.1.0 Build 162 10/23/2013 SJ Web Edition ;
; Revision Name                      ; vga_keyboard                               ;
; Top-level Entity Name              ; vga_keyboard                               ;
; Family                             ; Cyclone III                                ;
; Device                             ; EP3C16F484C6                               ;
; Timing Models                      ; Final                                      ;
; Total logic elements               ; 2,762 / 15,408 ( 18 % )                    ;
;     Total combinational functions  ; 2,390 / 15,408 ( 16 % )                    ;
;     Dedicated logic registers      ; 1,231 / 15,408 ( 8 % )                     ;
; Total registers                    ; 1231                                       ;
; Total pins                         ; 52 / 347 ( 15 % )                          ;
; Total virtual pins                 ; 0                                          ;
; Total memory bits                  ; 131,072 / 516,096 ( 25 % )                 ;
; Embedded Multiplier 9-bit elements ; 0 / 112 ( 0 % )                            ;
; Total PLLs                         ; 0 / 4 ( 0 % )                              ;
+------------------------------------+--------------------------------------------+


+-----------------------------------------+
; Flow Settings                           ;
+-------------------+---------------------+
; Option            ; Setting             ;
+-------------------+---------------------+
; Start date & time ; 09/26/2024 12:56:40 ;
; Main task         ; Compilation         ;
; Revision Name     ; vga_keyboard        ;
+-------------------+---------------------+


+----------------------------------------------------------------------------------------------------------------------------+
; Flow Non-Default Global Settings                                                                                           ;
+-------------------------------------+---------------------------------------+---------------+-------------+----------------+
; Assignment Name                     ; Value                                 ; Default Value ; Entity Name ; Section Id     ;
+-------------------------------------+---------------------------------------+---------------+-------------+----------------+
; COMPILER_SIGNATURE_ID               ; 30902509836011.172734820017120        ; --            ; --          ; --             ;
; EDA_OUTPUT_DATA_FORMAT              ; Vhdl                                  ; --            ; --          ; eda_simulation ;
; EDA_SIMULATION_TOOL                 ; ModelSim-Altera (VHDL)                ; <None>        ; --          ; --             ;
; IP_TOOL_NAME                        ; LPM_MUX                               ; --            ; --          ; --             ;
; IP_TOOL_NAME                        ; LPM_DIVIDE                            ; --            ; --          ; --             ;
; IP_TOOL_NAME                        ; LPM_MULT                              ; --            ; --          ; --             ;
; IP_TOOL_NAME                        ; LPM_MULT                              ; --            ; --          ; --             ;
; IP_TOOL_NAME                        ; RAM: 1-PORT                           ; --            ; --          ; --             ;
; IP_TOOL_NAME                        ; RAM: 1-PORT                           ; --            ; --          ; --             ;
; IP_TOOL_NAME                        ; RAM: 1-PORT                           ; --            ; --          ; --             ;
; IP_TOOL_NAME                        ; RAM: 1-PORT                           ; --            ; --          ; --             ;
; IP_TOOL_VERSION                     ; 13.1                                  ; --            ; --          ; --             ;
; IP_TOOL_VERSION                     ; 13.1                                  ; --            ; --          ; --             ;
; IP_TOOL_VERSION                     ; 13.1                                  ; --            ; --          ; --             ;
; IP_TOOL_VERSION                     ; 13.1                                  ; --            ; --          ; --             ;
; IP_TOOL_VERSION                     ; 13.1                                  ; --            ; --          ; --             ;
; IP_TOOL_VERSION                     ; 13.1                                  ; --            ; --          ; --             ;
; IP_TOOL_VERSION                     ; 13.1                                  ; --            ; --          ; --             ;
; IP_TOOL_VERSION                     ; 13.1                                  ; --            ; --          ; --             ;
; MAX_CORE_JUNCTION_TEMP              ; 85                                    ; --            ; --          ; --             ;
; MIN_CORE_JUNCTION_TEMP              ; 0                                     ; --            ; --          ; --             ;
; MISC_FILE                           ; ALU/mux16_32.bsf                      ; --            ; --          ; --             ;
; MISC_FILE                           ; ALU/mux16_32.cmp                      ; --            ; --          ; --             ;
; MISC_FILE                           ; ALU/lpm_divide0.bsf                   ; --            ; --          ; --             ;
; MISC_FILE                           ; ALU/lpm_divide0.cmp                   ; --            ; --          ; --             ;
; MISC_FILE                           ; ALU/lpm_mult1.bsf                     ; --            ; --          ; --             ;
; MISC_FILE                           ; ALU/lpm_mult1.cmp                     ; --            ; --          ; --             ;
; MISC_FILE                           ; ALU/lpm_mult0.bsf                     ; --            ; --          ; --             ;
; MISC_FILE                           ; ALU/lpm_mult0.cmp                     ; --            ; --          ; --             ;
; MISC_FILE                           ; mem/ram_test.bsf                      ; --            ; --          ; --             ;
; MISC_FILE                           ; mem/ram_test.cmp                      ; --            ; --          ; --             ;
; MISC_FILE                           ; mem/RAM_CPU_PROBA.bsf                 ; --            ; --          ; --             ;
; MISC_FILE                           ; mem/RAM_CPU_PROBA.cmp                 ; --            ; --          ; --             ;
; MISC_FILE                           ; mem/RAM001.bsf                        ; --            ; --          ; --             ;
; MISC_FILE                           ; mem/RAM001.cmp                        ; --            ; --          ; --             ;
; MISC_FILE                           ; mem/RAM002.bsf                        ; --            ; --          ; --             ;
; MISC_FILE                           ; mem/RAM002.cmp                        ; --            ; --          ; --             ;
; OUTPUT_IO_TIMING_FAR_END_VMEAS      ; Half Signal Swing                     ; --            ; --          ; --             ;
; OUTPUT_IO_TIMING_FAR_END_VMEAS      ; Half Signal Swing                     ; --            ; --          ; --             ;
; OUTPUT_IO_TIMING_NEAR_END_VMEAS     ; Half Vccio                            ; --            ; --          ; --             ;
; OUTPUT_IO_TIMING_NEAR_END_VMEAS     ; Half Vccio                            ; --            ; --          ; --             ;
; PARTITION_COLOR                     ; 16764057                              ; --            ; --          ; Top            ;
; PARTITION_FITTER_PRESERVATION_LEVEL ; PLACEMENT_AND_ROUTING                 ; --            ; --          ; Top            ;
; PARTITION_NETLIST_TYPE              ; SOURCE                                ; --            ; --          ; Top            ;
; POWER_BOARD_THERMAL_MODEL           ; None (CONSERVATIVE)                   ; --            ; --          ; --             ;
; POWER_PRESET_COOLING_SOLUTION       ; 23 MM HEAT SINK WITH 200 LFPM AIRFLOW ; --            ; --          ; --             ;
; PROJECT_OUTPUT_DIRECTORY            ; output_files                          ; --            ; --          ; --             ;
+-------------------------------------+---------------------------------------+---------------+-------------+----------------+


+-------------------------------------------------------------------------------------------------------------------------------+
; Flow Elapsed Time                                                                                                             ;
+---------------------------+--------------+-------------------------+---------------------+------------------------------------+
; Module Name               ; Elapsed Time ; Average Processors Used ; Peak Virtual Memory ; Total CPU Time (on all processors) ;
+---------------------------+--------------+-------------------------+---------------------+------------------------------------+
; Analysis & Synthesis      ; 00:00:13     ; 1.0                     ; 4704 MB             ; 00:00:12                           ;
; Fitter                    ; 00:00:26     ; 1.0                     ; 5005 MB             ; 00:00:26                           ;
; Assembler                 ; 00:00:01     ; 1.0                     ; 4589 MB             ; 00:00:01                           ;
; TimeQuest Timing Analyzer ; 00:00:04     ; 1.0                     ; 4650 MB             ; 00:00:04                           ;
; EDA Netlist Writer        ; 00:00:04     ; 1.0                     ; 4565 MB             ; 00:00:04                           ;
; Total                     ; 00:00:48     ; --                      ; --                  ; 00:00:47                           ;
+---------------------------+--------------+-------------------------+---------------------+------------------------------------+


+----------------------------------------------------------------------------------------+
; Flow OS Summary                                                                        ;
+---------------------------+------------------+-----------+------------+----------------+
; Module Name               ; Machine Hostname ; OS Name   ; OS Version ; Processor type ;
+---------------------------+------------------+-----------+------------+----------------+
; Analysis & Synthesis      ; RC09a            ; Windows 7 ; 6.2        ; x86_64         ;
; Fitter                    ; RC09a            ; Windows 7 ; 6.2        ; x86_64         ;
; Assembler                 ; RC09a            ; Windows 7 ; 6.2        ; x86_64         ;
; TimeQuest Timing Analyzer ; RC09a            ; Windows 7 ; 6.2        ; x86_64         ;
; EDA Netlist Writer        ; RC09a            ; Windows 7 ; 6.2        ; x86_64         ;
+---------------------------+------------------+-----------+------------+----------------+


------------
; Flow Log ;
------------
quartus_map --read_settings_files=on --write_settings_files=off vga_keyboard -c vga_keyboard
quartus_fit --read_settings_files=off --write_settings_files=off vga_keyboard -c vga_keyboard
quartus_asm --read_settings_files=off --write_settings_files=off vga_keyboard -c vga_keyboard
quartus_sta vga_keyboard -c vga_keyboard
quartus_eda --read_settings_files=off --write_settings_files=off vga_keyboard -c vga_keyboard



